0	3.421e-07	0	0
10	0.00117679  0.000172666	0.000170455
20	0.00381711	0.000560851	0.000576352
30	0.00520777	0.000785169	0.000770036
40	0.0118452	0.00177604	0.00180069
50	0.0235157	0.00351743	0.00354638
60	0.0398094	0.00597148	0.00608734
70	0.0627972	0.00939228	0.00960696
80	0.093661	0.0139477	0.0143603
90	0.132802	0.0198031	0.0204389
100	0.182637	0.0271515	0.0282354
110	0.247324	0.0368821	0.0385833
120	0.331314	0.0492302	0.0518286
130	0.414395	0.0616583	0.0647535
140	0.52028	0.0771716	0.0817737
150	0.631268	0.0935123	0.0994065
160	0.775799	0.11459	0.123663
170	0.902839	0.133818	0.142045
180	1.07819	0.159651	0.170935
190	1.25736	0.186636	0.198978
200	1.49692 0.221965	0.239098

